<?xml version="1.0" encoding="UTF-8"?>
<!-- Generated by org.testng.reporters.JUnitReportReporter -->
<testsuite skipped="0" hostname="Amruths-MacBook-Air.local" name="com.suitexecutor.LoginScreenTest" tests="1" failures="0" timestamp="23 Jul 2019 13:35:34 GMT" time="37.136" errors="0">
  <testcase name="loginWithValidCredentials" time="37.136" classname="com.suitexecutor.LoginScreenTest"/>
</testsuite> <!-- com.suitexecutor.LoginScreenTest -->
